###############################################################################
#                                                                             #
# IAR C/C++ Compiler V8.10.1.10194/W32 for 8051         17/Dec/2020  12:20:38 #
# Copyright 2004-2011 IAR Systems AB.                                         #
#                                                                             #
#    Core               =  plain                                              #
#    Code model         =  banked                                             #
#    Data model         =  large                                              #
#    Calling convention =  xdata reentrant                                    #
#    Constant location  =  data_rom                                           #
#    Dptr setup         =  1,16                                               #
#    Source file        =  D:\ZStack-CC2530-2.5.1a\Projects\zstack\Samples\De #
#                          sign\Source\IO\coordinator_io.c                    #
#    Command line       =  -f D:\ZStack-CC2530-2.5.1a\Projects\zstack\Samples #
#                          \Design\CC2530DB\..\..\..\Tools\CC2530DB\f8wEndev. #
#                          cfg (-DCPU32MHZ -DROOT=__near_func                 #
#                          -DMAC_CFG_TX_DATA_MAX=3 -DMAC_CFG_TX_MAX=6         #
#                          -DMAC_CFG_RX_MAX=3) -f D:\ZStack-CC2530-2.5.1a\Pro #
#                          jects\zstack\Samples\Design\CC2530DB\..\..\..\Tool #
#                          s\CC2530DB\f8wConfig.cfg (-DZIGBEEPRO -DSECURE=0   #
#                          -DZG_SECURE_DYNAMIC=0 -DREFLECTOR                  #
#                          -DDEFAULT_CHANLIST=0x02000000                      #
#                          "-DDEFAULT_CHANLIST=(0XFFFF<<11)"                  #
#                          -DZDAPP_CONFIG_PAN_ID=0x38 -DNWK_START_DELAY=100   #
#                          -DEXTENDED_JOINING_RANDOM_MASK=0x007F              #
#                          -DBEACON_REQUEST_DELAY=100                         #
#                          -DBEACON_REQ_DELAY_MASK=0x00FF                     #
#                          -DLINK_STATUS_JITTER_MASK=0x007F                   #
#                          -DROUTE_EXPIRY_TIME=30 -DAPSC_ACK_WAIT_DURATION_PO #
#                          LLED=3000 -DNWK_INDIRECT_MSG_TIMEOUT=7             #
#                          -DMAX_RREQ_ENTRIES=8 -DAPSC_MAX_FRAME_RETRIES=3    #
#                          -DNWK_MAX_DATA_RETRIES=2                           #
#                          -DMAX_POLL_FAILURE_RETRIES=2 -DMAX_BCAST=9         #
#                          -DAPS_MAX_GROUPS=16 -DMAX_RTG_ENTRIES=40           #
#                          -DNWK_MAX_BINDING_ENTRIES=4                        #
#                          -DMAX_BINDING_CLUSTER_IDS=4 "-DDEFAULT_KEY={0x01,  #
#                          0x03, 0x05, 0x07, 0x09, 0x0B, 0x0D, 0x0F, 0x00,    #
#                          0x02, 0x04, 0x06, 0x08, 0x0A, 0x0C, 0x0D}"         #
#                          -DMAC_MAX_FRAME_SIZE=116                           #
#                          -DZDNWKMGR_MIN_TRANSMISSIONS=20 "-DCONST=const     #
#                          __code" -DGENERIC=__generic                        #
#                          -DRFD_RCVC_ALWAYS_ON=FALSE -DPOLL_RATE=1000        #
#                          -DQUEUED_POLL_RATE=100 -DRESPONSE_POLL_RATE=100)   #
#                          -DREJOIN_POLL_RATE=440 D:\ZStack-CC2530-2.5.1a\Pro #
#                          jects\zstack\Samples\Design\Source\IO\coordinator_ #
#                          io.c -D ZTOOL_P1 -D xMT_TASK -D xMT_SYS_FUNC -D    #
#                          xMT_ZDO_FUNC -D xLCD_SUPPORTED=DEBUG -D            #
#                          xPOWER_SAVING -lC D:\ZStack-CC2530-2.5.1a\Projects #
#                          \zstack\Samples\Design\CC2530DB\Kitchen\List\ -lA  #
#                          D:\ZStack-CC2530-2.5.1a\Projects\zstack\Samples\De #
#                          sign\CC2530DB\Kitchen\List\ --diag_suppress        #
#                          Pe001,Pa010 -o D:\ZStack-CC2530-2.5.1a\Projects\zs #
#                          tack\Samples\Design\CC2530DB\Kitchen\Obj\ -e       #
#                          --no_code_motion --debug --core=plain --dptr=16,1  #
#                          --data_model=large --code_model=banked             #
#                          --calling_convention=xdata_reentrant               #
#                          --place_constants=data_rom --nr_virtual_regs 16    #
#                          -I D:\ZStack-CC2530-2.5.1a\Projects\zstack\Samples #
#                          \Design\CC2530DB\ -I D:\ZStack-CC2530-2.5.1a\Proje #
#                          cts\zstack\Samples\Design\CC2530DB\..\Source\ -I   #
#                          D:\ZStack-CC2530-2.5.1a\Projects\zstack\Samples\De #
#                          sign\CC2530DB\..\Source\IO\ -I                     #
#                          D:\ZStack-CC2530-2.5.1a\Projects\zstack\Samples\De #
#                          sign\CC2530DB\..\..\..\ZMain\TI2530DB\ -I          #
#                          D:\ZStack-CC2530-2.5.1a\Projects\zstack\Samples\De #
#                          sign\CC2530DB\..\..\..\..\..\Components\hal\includ #
#                          e\ -I D:\ZStack-CC2530-2.5.1a\Projects\zstack\Samp #
#                          les\Design\CC2530DB\..\..\..\..\..\Components\hal\ #
#                          target\CC2530EB\ -I D:\ZStack-CC2530-2.5.1a\Projec #
#                          ts\zstack\Samples\Design\CC2530DB\..\..\..\..\..\C #
#                          omponents\mac\include\ -I                          #
#                          D:\ZStack-CC2530-2.5.1a\Projects\zstack\Samples\De #
#                          sign\CC2530DB\..\..\..\..\..\Components\mac\high_l #
#                          evel\ -I D:\ZStack-CC2530-2.5.1a\Projects\zstack\S #
#                          amples\Design\CC2530DB\..\..\..\..\..\Components\m #
#                          ac\low_level\srf04\ -I D:\ZStack-CC2530-2.5.1a\Pro #
#                          jects\zstack\Samples\Design\CC2530DB\..\..\..\..\. #
#                          .\Components\mac\low_level\srf04\single_chip\ -I   #
#                          D:\ZStack-CC2530-2.5.1a\Projects\zstack\Samples\De #
#                          sign\CC2530DB\..\..\..\..\..\Components\mt\ -I     #
#                          D:\ZStack-CC2530-2.5.1a\Projects\zstack\Samples\De #
#                          sign\CC2530DB\..\..\..\..\..\Components\osal\inclu #
#                          de\ -I D:\ZStack-CC2530-2.5.1a\Projects\zstack\Sam #
#                          ples\Design\CC2530DB\..\..\..\..\..\Components\ser #
#                          vices\saddr\ -I D:\ZStack-CC2530-2.5.1a\Projects\z #
#                          stack\Samples\Design\CC2530DB\..\..\..\..\..\Compo #
#                          nents\services\sdata\ -I                           #
#                          D:\ZStack-CC2530-2.5.1a\Projects\zstack\Samples\De #
#                          sign\CC2530DB\..\..\..\..\..\Components\stack\af\  #
#                          -I D:\ZStack-CC2530-2.5.1a\Projects\zstack\Samples #
#                          \Design\CC2530DB\..\..\..\..\..\Components\stack\n #
#                          wk\ -I D:\ZStack-CC2530-2.5.1a\Projects\zstack\Sam #
#                          ples\Design\CC2530DB\..\..\..\..\..\Components\sta #
#                          ck\sapi\ -I D:\ZStack-CC2530-2.5.1a\Projects\zstac #
#                          k\Samples\Design\CC2530DB\..\..\..\..\..\Component #
#                          s\stack\sec\ -I D:\ZStack-CC2530-2.5.1a\Projects\z #
#                          stack\Samples\Design\CC2530DB\..\..\..\..\..\Compo #
#                          nents\stack\sys\ -I D:\ZStack-CC2530-2.5.1a\Projec #
#                          ts\zstack\Samples\Design\CC2530DB\..\..\..\..\..\C #
#                          omponents\stack\zdo\ -I D:\ZStack-CC2530-2.5.1a\Pr #
#                          ojects\zstack\Samples\Design\CC2530DB\..\..\..\..\ #
#                          ..\Components\zmac\ -I D:\ZStack-CC2530-2.5.1a\Pro #
#                          jects\zstack\Samples\Design\CC2530DB\..\..\..\..\. #
#                          .\Components\zmac\f8w\ -Ohz --require_prototypes   #
#    List file          =  D:\ZStack-CC2530-2.5.1a\Projects\zstack\Samples\De #
#                          sign\CC2530DB\Kitchen\List\coordinator_io.lst      #
#    Object file        =  D:\ZStack-CC2530-2.5.1a\Projects\zstack\Samples\De #
#                          sign\CC2530DB\Kitchen\Obj\coordinator_io.r51       #
#                                                                             #
#                                                                             #
###############################################################################

D:\ZStack-CC2530-2.5.1a\Projects\zstack\Samples\Design\Source\IO\coordinator_io.c
      1          #include <ioCC2530.h>
      2          #include "OnBoard.h"
      3          


 
 
 0 bytes of memory

Errors: none
Warnings: none
